Unable to capture context for thread 6076 in process 2012, can not generate back trace
Exception at PC 0x000007FEACF5BB93
Printing stacktrace...

[0]  [0x000007FEACF5BB93]
[1]  [0x000007FEACF5BB93]
[2]  [0x000007FEACF5B4A1]
[3]  [0x000007FEACF5B3EF]
[4]  [0x000007FEACF419FE]
[5]  [0x000007FEACF40ED1]
[6]  [0x000007FEACF40D76]
[7]  [0x000007FEACEE79F6]
[8]  [0x000007FEACED7AFB]
[9]  [0x000007FEACFFE90A]
[10]  [0x000007FEAD019F87]
[11]  [0x000007FEAD01A05F]
[12] (BaseThreadInitThunk+0xd) [0x00000000775359CD]
[13] (RtlUserThreadStart+0x21) [0x000000007776A561]
Done
Exception at PC 0x000007FEACC61A52
Attemped to write at address 0x000007FEE44FABA4
Printing stacktrace...

[0]  [0x000007FEACC61A52]
[1]  [0x000007FEACC61A52]
[2]  [0x000007FEACC61AD4]
[3]  [0x000007FEACDA3FF7]
[4]  [0x000007FEACC89128]
[5]  [0x000007FEACF3DFB9]
[6]  [0x000007FEAD10EF23]
[7]  [0x000007FEAD01B06B]
[8]  [0x000007FEAD0108AF]
[9]  [0x000007FEAD010A32]
[10] (LdrShutdownProcess+0x1d1) [0x0000000077762AC1]
[11] (RtlExitUserProcess+0x90) [0x00000000777628D0]
[12] (wcstoui64+0x2fa) [0x000007FEFDFE99E2]
[13]  [0x00000000004014CD]
[14]  [0x000000000040151B]
[15] (BaseThreadInitThunk+0xd) [0x00000000775359CD]
[16] (RtlUserThreadStart+0x21) [0x000000007776A561]
Done
